
# -----------------------------------------------------------------------------
# ST500
# -----------------------------------------------------------------------------

# -----------------------------------------------------------------------------
# 2 kB READ
# -----------------------------------------------------------------------------

# Command
[s002R.bat]
start cmd /k sqlio -kR -t30 -s30 -f64 -b2 -i1024 -BN testfileR.dat
rem start cmd /k sqlio -kW -t30 -s30 -f64 -b2 -i1024 -BN testfileW.dat

# -----------------------------------------------------------------------------
# Output #1

sqlio v1.5.SG
30 threads reading for 30 secs from file testfileR.dat
        using 2KB IOs over 128KB stripes with 1024 IOs per run
        buffering set to not use file nor disk caches (as is SQL Server)
size of file testfileR.dat needs to be: 134209536 bytes
current file size:      0 bytes
need to expand by:      134209536 bytes
expanding testfileR.dat ... done.
initialization done
CUMULATIVE DATA:
throughput metrics:
IOs/sec:  2239.48
MBs/sec:     4.37

# -----------------------------------------------------------------------------
# Output #2

sqlio v1.5.SG
30 threads reading for 30 secs from file testfileR.dat
        using 2KB IOs over 128KB stripes with 1024 IOs per run
        buffering set to not use file nor disk caches (as is SQL Server)
size of file testfileR.dat needs to be: 134209536 bytes
current file size:      0 bytes
need to expand by:      134209536 bytes
expanding testfileR.dat ... done.
initialization done
CUMULATIVE DATA:
throughput metrics:
IOs/sec:  1894.04
MBs/sec:     3.69

# -----------------------------------------------------------------------------
# Output #3

sqlio v1.5.SG
30 threads reading for 30 secs from file testfileR.dat
        using 2KB IOs over 128KB stripes with 1024 IOs per run
        buffering set to not use file nor disk caches (as is SQL Server)
size of file testfileR.dat needs to be: 134209536 bytes
current file size:      0 bytes
need to expand by:      134209536 bytes
expanding testfileR.dat ... done.
initialization done
CUMULATIVE DATA:
throughput metrics:
IOs/sec:  2603.48
MBs/sec:     5.08

# -----------------------------------------------------------------------------
# Output #4

sqlio v1.5.SG
30 threads reading for 30 secs from file testfileR.dat
        using 2KB IOs over 128KB stripes with 1024 IOs per run
        buffering set to not use file nor disk caches (as is SQL Server)
size of file testfileR.dat needs to be: 134209536 bytes
current file size:      0 bytes
need to expand by:      134209536 bytes
expanding testfileR.dat ... done.
initialization done
CUMULATIVE DATA:
throughput metrics:
IOs/sec:  2304.03
MBs/sec:     4.50

# -----------------------------------------------------------------------------
# Output #5

sqlio v1.5.SG
30 threads reading for 30 secs from file testfileR.dat
        using 2KB IOs over 128KB stripes with 1024 IOs per run
        buffering set to not use file nor disk caches (as is SQL Server)
initialization done
CUMULATIVE DATA:
throughput metrics:
IOs/sec:  3272.36
MBs/sec:     6.39


# -----------------------------------------------------------------------------
# Output #6

sqlio v1.5.SG
30 threads reading for 30 secs from file testfileR.dat
        using 2KB IOs over 128KB stripes with 1024 IOs per run
        buffering set to not use file nor disk caches (as is SQL Server)
initialization done
CUMULATIVE DATA:
throughput metrics:
IOs/sec:  6922.30
MBs/sec:    13.52

# -----------------------------------------------------------------------------
# Output #7

sqlio v1.5.SG
30 threads reading for 30 secs from file testfileR.dat
        using 2KB IOs over 128KB stripes with 1024 IOs per run
        buffering set to not use file nor disk caches (as is SQL Server)
initialization done
CUMULATIVE DATA:
throughput metrics:
IOs/sec:  2936.22
MBs/sec:     5.73



# -----------------------------------------------------------------------------
# 2 kB WRITE
# -----------------------------------------------------------------------------

# Command
[s002W.bat]
rem start cmd /k sqlio -kR -t30 -s30 -f64 -b2 -i1024 -BN testfileR.dat
start cmd /k sqlio -kW -t30 -s30 -f64 -b2 -i1024 -BN testfileW.dat

# -----------------------------------------------------------------------------
# Output #1

sqlio v1.5.SG
30 threads writing for 30 secs to file testfileW.dat
        using 2KB IOs over 128KB stripes with 1024 IOs per run
        buffering set to not use file nor disk caches (as is SQL Server)
size of file testfileW.dat needs to be: 134209536 bytes
current file size:      0 bytes
need to expand by:      134209536 bytes
expanding testfileW.dat ... done.
initialization done
CUMULATIVE DATA:
throughput metrics:
IOs/sec:   216.84
MBs/sec:     0.42

# -----------------------------------------------------------------------------
# Output #2

sqlio v1.5.SG
30 threads writing for 30 secs to file testfileW.dat
        using 2KB IOs over 128KB stripes with 1024 IOs per run
        buffering set to not use file nor disk caches (as is SQL Server)
initialization done
CUMULATIVE DATA:
throughput metrics:
IOs/sec:   201.82
MBs/sec:     0.39

# -----------------------------------------------------------------------------
# Output #3

sqlio v1.5.SG
30 threads writing for 30 secs to file testfileW.dat
        using 2KB IOs over 128KB stripes with 1024 IOs per run
        buffering set to not use file nor disk caches (as is SQL Server)
initialization done
CUMULATIVE DATA:
throughput metrics:
IOs/sec:   206.31
MBs/sec:     0.40

# -----------------------------------------------------------------------------
# Output #4

sqlio v1.5.SG
30 threads writing for 30 secs to file testfileW.dat
        using 2KB IOs over 128KB stripes with 1024 IOs per run
        buffering set to not use file nor disk caches (as is SQL Server)
initialization done
CUMULATIVE DATA:
throughput metrics:
IOs/sec:   205.47
MBs/sec:     0.40

# -----------------------------------------------------------------------------
# Output #5

sqlio v1.5.SG
30 threads writing for 30 secs to file testfileW.dat
        using 2KB IOs over 128KB stripes with 1024 IOs per run
        buffering set to not use file nor disk caches (as is SQL Server)
initialization done
CUMULATIVE DATA:
throughput metrics:
IOs/sec:   199.80
MBs/sec:     0.39


# -----------------------------------------------------------------------------
# 2 kB WRITE & READ
# -----------------------------------------------------------------------------
# Command

[s002WR.bat]
start cmd /k sqlio -kR -t30 -s30 -f64 -b2 -i1024 -BN testfileR.dat
start cmd /k sqlio -kW -t30 -s30 -f64 -b2 -i1024 -BN testfileW.dat

# -----------------------------------------------------------------------------
# Output #1

sqlio v1.5.SG
30 threads writing for 30 secs to file testfileW.dat
        using 2KB IOs over 128KB stripes with 1024 IOs per run
        buffering set to not use file nor disk caches (as is SQL Server)
initialization done
CUMULATIVE DATA:
throughput metrics:
IOs/sec:     0.99
MBs/sec:     0.00

sqlio v1.5.SG
30 threads reading for 30 secs from file testfileR.dat
        using 2KB IOs over 128KB stripes with 1024 IOs per run
        buffering set to not use file nor disk caches (as is SQL Server)
initialization done
CUMULATIVE DATA:
throughput metrics:
IOs/sec:  6717.50
MBs/sec:    13.12


# -----------------------------------------------------------------------------
# Output #2

sqlio v1.5.SG
30 threads writing for 30 secs to file testfileW.dat
        using 2KB IOs over 128KB stripes with 1024 IOs per run
        buffering set to not use file nor disk caches (as is SQL Server)
initialization done
CUMULATIVE DATA:
throughput metrics:
IOs/sec:     0.98
MBs/sec:     0.00

sqlio v1.5.SG
30 threads reading for 30 secs from file testfileR.dat
        using 2KB IOs over 128KB stripes with 1024 IOs per run
        buffering set to not use file nor disk caches (as is SQL Server)
initialization done
CUMULATIVE DATA:
throughput metrics:
IOs/sec:  6928.57
MBs/sec:    13.53

# -----------------------------------------------------------------------------
# Output #3

sqlio v1.5.SG
30 threads writing for 30 secs to file testfileW.dat
        using 2KB IOs over 128KB stripes with 1024 IOs per run
        buffering set to not use file nor disk caches (as is SQL Server)
initialization done
CUMULATIVE DATA:
throughput metrics:
IOs/sec:    81.79
MBs/sec:     0.15


sqlio v1.5.SG
30 threads reading for 30 secs from file testfileR.dat
        using 2KB IOs over 128KB stripes with 1024 IOs per run
        buffering set to not use file nor disk caches (as is SQL Server)
initialization done
CUMULATIVE DATA:
throughput metrics:
IOs/sec:  6693.96
MBs/sec:    13.07

# -----------------------------------------------------------------------------
# Output #4

sqlio v1.5.SG
30 threads writing for 30 secs to file testfileW.dat
        using 2KB IOs over 128KB stripes with 1024 IOs per run
        buffering set to not use file nor disk caches (as is SQL Server)
initialization done
CUMULATIVE DATA:
throughput metrics:
IOs/sec:   115.23
MBs/sec:     0.22


sqlio v1.5.SG
30 threads reading for 30 secs from file testfileR.dat
        using 2KB IOs over 128KB stripes with 1024 IOs per run
        buffering set to not use file nor disk caches (as is SQL Server)
initialization done
CUMULATIVE DATA:
throughput metrics:
IOs/sec:  6925.60
MBs/sec:    13.52


# -----------------------------------------------------------------------------
# Output #5

sqlio v1.5.SG
30 threads writing for 30 secs to file testfileW.dat
        using 2KB IOs over 128KB stripes with 1024 IOs per run
        buffering set to not use file nor disk caches (as is SQL Server)
initialization done
CUMULATIVE DATA:
throughput metrics:
IOs/sec:     0.99
MBs/sec:     0.00

sqlio v1.5.SG
30 threads reading for 30 secs from file testfileR.dat
        using 2KB IOs over 128KB stripes with 1024 IOs per run
        buffering set to not use file nor disk caches (as is SQL Server)
initialization done
CUMULATIVE DATA:
throughput metrics:
IOs/sec:  6874.10
MBs/sec:    13.42


# -----------------------------------------------------------------------------
# 4 kB READ
# -----------------------------------------------------------------------------

# Command
[s004R.bat]
start cmd /k sqlio -kR -t30 -s30 -f64 -b4 -i1024 -BN testfileR.dat
rem start cmd /k sqlio -kW -t30 -s30 -f64 -b4 -i1024 -BN testfileW.dat

# -----------------------------------------------------------------------------
# Output #1

sqlio v1.5.SG
30 threads reading for 30 secs from file testfileR.dat
        using 4KB IOs over 256KB stripes with 1024 IOs per run
        buffering set to not use file nor disk caches (as is SQL Server)
size of file testfileR.dat needs to be: 268419072 bytes
current file size:      134209536 bytes
need to expand by:      134209536 bytes
expanding testfileR.dat ... done.
initialization done
CUMULATIVE DATA:
throughput metrics:
IOs/sec:  5645.33
MBs/sec:    22.05

# -----------------------------------------------------------------------------
# Output #2

sqlio v1.5.SG
30 threads reading for 30 secs from file testfileR.dat
        using 4KB IOs over 256KB stripes with 1024 IOs per run
        buffering set to not use file nor disk caches (as is SQL Server)
initialization done
CUMULATIVE DATA:
throughput metrics:
IOs/sec:  5615.08
MBs/sec:    21.93

# -----------------------------------------------------------------------------
# Output #3

sqlio v1.5.SG
30 threads reading for 30 secs from file testfileR.dat
        using 4KB IOs over 256KB stripes with 1024 IOs per run
        buffering set to not use file nor disk caches (as is SQL Server)
initialization done
CUMULATIVE DATA:
throughput metrics:
IOs/sec:  2636.89
MBs/sec:    10.30

# -----------------------------------------------------------------------------
# Output #4

sqlio v1.5.SG
30 threads reading for 30 secs from file testfileR.dat
        using 4KB IOs over 256KB stripes with 1024 IOs per run
        buffering set to not use file nor disk caches (as is SQL Server)
initialization done
CUMULATIVE DATA:
throughput metrics:
IOs/sec: 10709.94
MBs/sec:    41.83

# -----------------------------------------------------------------------------
# Output #5

sqlio v1.5.SG
30 threads reading for 30 secs from file testfileR.dat
        using 4KB IOs over 256KB stripes with 1024 IOs per run
        buffering set to not use file nor disk caches (as is SQL Server)
initialization done
CUMULATIVE DATA:
throughput metrics:
IOs/sec: 10694.30
MBs/sec:    41.77


# -----------------------------------------------------------------------------
# 4 kB WRITE
# -----------------------------------------------------------------------------

# Command
[s004W.bat]
rem start cmd /k sqlio -kR -t30 -s30 -f64 -b4 -i1024 -BN testfileR.dat
start cmd /k sqlio -kW -t30 -s30 -f64 -b4 -i1024 -BN testfileW.dat

# -----------------------------------------------------------------------------
# Output #1

sqlio v1.5.SG
30 threads writing for 30 secs to file testfileW.dat
        using 4KB IOs over 256KB stripes with 1024 IOs per run
        buffering set to not use file nor disk caches (as is SQL Server)
size of file testfileW.dat needs to be: 268419072 bytes
current file size:      134209536 bytes
need to expand by:      134209536 bytes
expanding testfileW.dat ... done.
initialization done
CUMULATIVE DATA:
throughput metrics:
IOs/sec:   221.09
MBs/sec:     0.86

# -----------------------------------------------------------------------------
# Output #2

sqlio v1.5.SG
30 threads writing for 30 secs to file testfileW.dat
        using 4KB IOs over 256KB stripes with 1024 IOs per run
        buffering set to not use file nor disk caches (as is SQL Server)
initialization done
CUMULATIVE DATA:
throughput metrics:
IOs/sec:   191.43
MBs/sec:     0.74

# -----------------------------------------------------------------------------
# Output #3

sqlio v1.5.SG
30 threads writing for 30 secs to file testfileW.dat
        using 4KB IOs over 256KB stripes with 1024 IOs per run
        buffering set to not use file nor disk caches (as is SQL Server)
initialization done
do_ovlp_io: WriteFile: A mûveletet nem lehetett elvÚgezni, azt meg kell ismÚtelni.
file offset high: 0x00000000 low: 0x00cc8000
exiting


# -----------------------------------------------------------------------------
# Output #4

sqlio v1.5.SG
30 threads writing for 30 secs to file testfileW.dat
        using 4KB IOs over 256KB stripes with 1024 IOs per run
        buffering set to not use file nor disk caches (as is SQL Server)
initialization done
do_ovlp_io: WriteFile: A mûveletet nem lehetett elvÚgezni, azt meg kell ismÚtelni.
file offset high: 0x00000000 low: 0x00e48000
exiting


# -----------------------------------------------------------------------------

Testfile-ok törölve

# -----------------------------------------------------------------------------
# Output #5

sqlio v1.5.SG
30 threads writing for 30 secs to file testfileW.dat
        using 4KB IOs over 256KB stripes with 1024 IOs per run
        buffering set to not use file nor disk caches (as is SQL Server)
size of file testfileW.dat needs to be: 268419072 bytes
current file size:      0 bytes
need to expand by:      268419072 bytes
expanding testfileW.dat ... done.
initialization done
CUMULATIVE DATA:
throughput metrics:
IOs/sec:    90.34
MBs/sec:     0.35

# -----------------------------------------------------------------------------
# Output #6

sqlio v1.5.SG
30 threads writing for 30 secs to file testfileW.dat
        using 4KB IOs over 256KB stripes with 1024 IOs per run
        buffering set to not use file nor disk caches (as is SQL Server)
initialization done
CUMULATIVE DATA:
throughput metrics:
IOs/sec:    98.50
MBs/sec:     0.38

# -----------------------------------------------------------------------------
# Output #7

sqlio v1.5.SG
30 threads writing for 30 secs to file testfileW.dat
        using 4KB IOs over 256KB stripes with 1024 IOs per run
        buffering set to not use file nor disk caches (as is SQL Server)
initialization done
CUMULATIVE DATA:
throughput metrics:
IOs/sec:    97.00
MBs/sec:     0.37

C:\Users\Feri\OneDrive\DCE_tanfolyam\HardDiskTest>


# -----------------------------------------------------------------------------
# 4 kB WRITE & READ
# -----------------------------------------------------------------------------

# Command
[s004WR.bat]
start cmd /k sqlio -kR -t30 -s30 -f64 -b4 -i1024 -BN testfileR.dat
start cmd /k sqlio -kW -t30 -s30 -f64 -b4 -i1024 -BN testfileW.dat

# -----------------------------------------------------------------------------
# Output #1

sqlio v1.5.SG
30 threads writing for 30 secs to file testfileW.dat
        using 4KB IOs over 256KB stripes with 1024 IOs per run
        buffering set to not use file nor disk caches (as is SQL Server)
initialization done
CUMULATIVE DATA:
throughput metrics:
IOs/sec:    76.70
MBs/sec:     0.29

sqlio v1.5.SG
30 threads reading for 30 secs from file testfileR.dat
        using 4KB IOs over 256KB stripes with 1024 IOs per run
        buffering set to not use file nor disk caches (as is SQL Server)
size of file testfileR.dat needs to be: 268419072 bytes
current file size:      0 bytes
need to expand by:      268419072 bytes
expanding testfileR.dat ... done.
initialization done
CUMULATIVE DATA:
throughput metrics:
IOs/sec:  2122.49
MBs/sec:     8.29


# -----------------------------------------------------------------------------
# Output #2

sqlio v1.5.SG
30 threads writing for 30 secs to file testfileW.dat
        using 4KB IOs over 256KB stripes with 1024 IOs per run
        buffering set to not use file nor disk caches (as is SQL Server)
initialization done
CUMULATIVE DATA:
throughput metrics:
IOs/sec:    83.72
MBs/sec:     0.32

sqlio v1.5.SG
30 threads reading for 30 secs from file testfileR.dat
        using 4KB IOs over 256KB stripes with 1024 IOs per run
        buffering set to not use file nor disk caches (as is SQL Server)
initialization done
CUMULATIVE DATA:
throughput metrics:
IOs/sec:    89.32
MBs/sec:     0.34

C:\Users\Feri\OneDrive\DCE_tanfolyam\HardDiskTest>


# -----------------------------------------------------------------------------
# Output #3

sqlio v1.5.SG
30 threads writing for 30 secs to file testfileW.dat
        using 4KB IOs over 256KB stripes with 1024 IOs per run
        buffering set to not use file nor disk caches (as is SQL Server)
initialization done
CUMULATIVE DATA:
throughput metrics:
IOs/sec:    92.18
MBs/sec:     0.36

sqlio v1.5.SG
30 threads reading for 30 secs from file testfileR.dat
        using 4KB IOs over 256KB stripes with 1024 IOs per run
        buffering set to not use file nor disk caches (as is SQL Server)
initialization done
CUMULATIVE DATA:
throughput metrics:
IOs/sec:    89.23
MBs/sec:     0.34


# -----------------------------------------------------------------------------
# Output #4

sqlio v1.5.SG
30 threads writing for 30 secs to file testfileW.dat
        using 4KB IOs over 256KB stripes with 1024 IOs per run
        buffering set to not use file nor disk caches (as is SQL Server)
initialization done
CUMULATIVE DATA:
throughput metrics:
IOs/sec:    74.65
MBs/sec:     0.29

sqlio v1.5.SG
30 threads reading for 30 secs from file testfileR.dat
        using 4KB IOs over 256KB stripes with 1024 IOs per run
        buffering set to not use file nor disk caches (as is SQL Server)
initialization done
CUMULATIVE DATA:
throughput metrics:
IOs/sec:    77.53
MBs/sec:     0.30


# -----------------------------------------------------------------------------
# Output #5

sqlio v1.5.SG
30 threads reading for 30 secs from file testfileR.dat
        using 4KB IOs over 256KB stripes with 1024 IOs per run
        buffering set to not use file nor disk caches (as is SQL Server)
initialization done
CUMULATIVE DATA:
throughput metrics:
IOs/sec:    90.66
MBs/sec:     0.35


sqlio v1.5.SG
30 threads writing for 30 secs to file testfileW.dat
        using 4KB IOs over 256KB stripes with 1024 IOs per run
        buffering set to not use file nor disk caches (as is SQL Server)
initialization done
CUMULATIVE DATA:
throughput metrics:
IOs/sec:    88.14
MBs/sec:     0.34


# -----------------------------------------------------------------------------
# 8 kB READ
# -----------------------------------------------------------------------------

# Command
[s008R.bat]
start cmd /k sqlio -kR -t30 -s30 -f64 -b8 -i1024 -BN testfileR.dat
rem start cmd /k sqlio -kW -t30 -s30 -f64 -b8 -i1024 -BN testfileW.dat

# -----------------------------------------------------------------------------
# Output #1

sqlio v1.5.SG
30 threads reading for 30 secs from file testfileR.dat
        using 8KB IOs over 512KB stripes with 1024 IOs per run
        buffering set to not use file nor disk caches (as is SQL Server)
size of file testfileR.dat needs to be: 536838144 bytes
current file size:      268419072 bytes
need to expand by:      268419072 bytes
expanding testfileR.dat ... done.
initialization done
CUMULATIVE DATA:
throughput metrics:
IOs/sec:  1848.51
MBs/sec:    14.44


# -----------------------------------------------------------------------------
# 8 kB WRITE
# -----------------------------------------------------------------------------

# Command
[s008W.bat]
rem start cmd /k sqlio -kR -t30 -s30 -f64 -b8 -i1024 -BN testfileR.dat
start cmd /k sqlio -kW -t30 -s30 -f64 -b8 -i1024 -BN testfileW.dat

# -----------------------------------------------------------------------------
# Output #1

sqlio v1.5.SG
30 threads writing for 30 secs to file testfileW.dat
        using 8KB IOs over 512KB stripes with 1024 IOs per run
        buffering set to not use file nor disk caches (as is SQL Server)
size of file testfileW.dat needs to be: 536838144 bytes
current file size:      268419072 bytes
need to expand by:      268419072 bytes
expanding testfileW.dat ... done.
initialization done
CUMULATIVE DATA:
throughput metrics:
IOs/sec:    69.70
MBs/sec:     0.54

# -----------------------------------------------------------------------------
# 8 kB WRITE & READ
# -----------------------------------------------------------------------------

# Command
[s008WR.bat]
start cmd /k sqlio -kR -t30 -s30 -f64 -b8 -i1024 -BN testfileR.dat
start cmd /k sqlio -kW -t30 -s30 -f64 -b8 -i1024 -BN testfileW.dat

# -----------------------------------------------------------------------------
# Output #1

sqlio v1.5.SG
30 threads writing for 30 secs to file testfileW.dat
        using 8KB IOs over 512KB stripes with 1024 IOs per run
        buffering set to not use file nor disk caches (as is SQL Server)
initialization done
CUMULATIVE DATA:
throughput metrics:
IOs/sec:     0.98
MBs/sec:     0.00

sqlio v1.5.SG
30 threads reading for 30 secs from file testfileR.dat
        using 8KB IOs over 512KB stripes with 1024 IOs per run
        buffering set to not use file nor disk caches (as is SQL Server)
initialization done
CUMULATIVE DATA:
throughput metrics:
IOs/sec:  6120.11
MBs/sec:    47.81

Nem értékelhetõ, csináljunk még 1et!


# -----------------------------------------------------------------------------
# Output #2

sqlio v1.5.SG
30 threads writing for 30 secs to file testfileW.dat
        using 8KB IOs over 512KB stripes with 1024 IOs per run
        buffering set to not use file nor disk caches (as is SQL Server)
size of file testfileW.dat needs to be: 536838144 bytes
current file size:      0 bytes
need to expand by:      536838144 bytes
expanding testfileW.dat ... done.
initialization done
CUMULATIVE DATA:
throughput metrics:
IOs/sec:   328.35
MBs/sec:     2.56


sqlio v1.5.SG
30 threads reading for 30 secs from file testfileR.dat
        using 8KB IOs over 512KB stripes with 1024 IOs per run
        buffering set to not use file nor disk caches (as is SQL Server)
size of file testfileR.dat needs to be: 536838144 bytes
current file size:      0 bytes
need to expand by:      536838144 bytes
expanding testfileR.dat ... done.
initialization done
CUMULATIVE DATA:
throughput metrics:
IOs/sec:   340.86
MBs/sec:     2.66



# -----------------------------------------------------------------------------
# 16 kB READ
# -----------------------------------------------------------------------------

# Command
[s016R.bat]
start cmd /k sqlio -kR -t30 -s30 -f64 -b16 -i1024 -BN testfileR.dat
rem start cmd /k sqlio -kW -t30 -s30 -f64 -b16 -i1024 -BN testfileW.dat

# -----------------------------------------------------------------------------
# Output #1

sqlio v1.5.SG
30 threads reading for 30 secs from file testfileR.dat
        using 16KB IOs over 1024KB stripes with 1024 IOs per run
        buffering set to not use file nor disk caches (as is SQL Server)
size of file testfileR.dat needs to be: 1073676288 bytes
current file size:      536838144 bytes
need to expand by:      536838144 bytes
expanding testfileR.dat ... done.
initialization done
CUMULATIVE DATA:
throughput metrics:
IOs/sec:  1351.79
MBs/sec:    21.12


# -----------------------------------------------------------------------------
# 16 kB WRITE
# -----------------------------------------------------------------------------

# Command
[s016W.bat]
rem start cmd /k sqlio -kR -t30 -s30 -f64 -b16 -i1024 -BN testfileR.dat
start cmd /k sqlio -kW -t30 -s30 -f64 -b16 -i1024 -BN testfileW.dat

# -----------------------------------------------------------------------------
# Output #1

sqlio v1.5.SG
30 threads writing for 30 secs to file testfileW.dat
        using 16KB IOs over 1024KB stripes with 1024 IOs per run
        buffering set to not use file nor disk caches (as is SQL Server)
size of file testfileW.dat needs to be: 1073676288 bytes
current file size:      536838144 bytes
need to expand by:      536838144 bytes
expanding testfileW.dat ... done.
initialization done
CUMULATIVE DATA:
throughput metrics:
IOs/sec:   124.72
MBs/sec:     1.94


# -----------------------------------------------------------------------------
# 16 kB WRITE & READ
# -----------------------------------------------------------------------------

# Command
[s016WR.bat]
start cmd /k sqlio -kR -t30 -s30 -f64 -b16 -i1024 -BN testfileR.dat
start cmd /k sqlio -kW -t30 -s30 -f64 -b16 -i1024 -BN testfileW.dat

# -----------------------------------------------------------------------------
# Output #1

sqlio v1.5.SG
30 threads writing for 30 secs to file testfileW.dat
        using 16KB IOs over 1024KB stripes with 1024 IOs per run
        buffering set to not use file nor disk caches (as is SQL Server)
initialization done
CUMULATIVE DATA:
throughput metrics:
IOs/sec:    16.90
MBs/sec:     0.26

sqlio v1.5.SG
30 threads reading for 30 secs from file testfileR.dat
        using 16KB IOs over 1024KB stripes with 1024 IOs per run
        buffering set to not use file nor disk caches (as is SQL Server)
initialization done
CUMULATIVE DATA:
throughput metrics:
IOs/sec:  1899.49
MBs/sec:    29.67


# -----------------------------------------------------------------------------
# 32 kB READ
# -----------------------------------------------------------------------------

# Command
[s032R.bat]
start cmd /k sqlio -kR -t30 -s30 -f64 -b32 -i1024 -BN testfileR.dat
rem start cmd /k sqlio -kW -t30 -s30 -f64 -b32 -i1024 -BN testfileW.dat

# -----------------------------------------------------------------------------
# Output #1

sqlio v1.5.SG
30 threads reading for 30 secs from file testfileR.dat
        using 32KB IOs over 2048KB stripes with 1024 IOs per run
        buffering set to not use file nor disk caches (as is SQL Server)
size of file testfileR.dat needs to be: 2147352576 bytes
current file size:      1073676288 bytes
need to expand by:      1073676288 bytes
expanding testfileR.dat ... done.
initialization done
CUMULATIVE DATA:
throughput metrics:
IOs/sec:   976.98
MBs/sec:    30.53


# -----------------------------------------------------------------------------
# 32 kB WRITE
# -----------------------------------------------------------------------------

# Command
[s032W.bat]
rem start cmd /k sqlio -kR -t30 -s30 -f64 -b32 -i1024 -BN testfileR.dat
start cmd /k sqlio -kW -t30 -s30 -f64 -b32 -i1024 -BN testfileW.dat

# -----------------------------------------------------------------------------
# Output #1

sqlio v1.5.SG
30 threads writing for 30 secs to file testfileW.dat
        using 32KB IOs over 2048KB stripes with 1024 IOs per run
        buffering set to not use file nor disk caches (as is SQL Server)
size of file testfileW.dat needs to be: 2147352576 bytes
current file size:      1073676288 bytes
need to expand by:      1073676288 bytes
expanding testfileW.dat ... done.
initialization done
CUMULATIVE DATA:
throughput metrics:
IOs/sec:    86.99
MBs/sec:     2.71


# -----------------------------------------------------------------------------
# 32 kB WRITE & READ
# -----------------------------------------------------------------------------

# Command
[s032WR.bat]
start cmd /k sqlio -kR -t30 -s30 -f64 -b32 -i1024 -BN testfileR.dat
start cmd /k sqlio -kW -t30 -s30 -f64 -b32 -i1024 -BN testfileW.dat

# -----------------------------------------------------------------------------
# Output #1

sqlio v1.5.SG
30 threads writing for 30 secs to file testfileW.dat
        using 32KB IOs over 2048KB stripes with 1024 IOs per run
        buffering set to not use file nor disk caches (as is SQL Server)
initialization done
CUMULATIVE DATA:
throughput metrics:
IOs/sec:     1.01
MBs/sec:     0.03

sqlio v1.5.SG
30 threads reading for 30 secs from file testfileR.dat
        using 32KB IOs over 2048KB stripes with 1024 IOs per run
        buffering set to not use file nor disk caches (as is SQL Server)
initialization done
CUMULATIVE DATA:
throughput metrics:
IOs/sec:  1111.24
MBs/sec:    34.72


# -----------------------------------------------------------------------------
# 64 kB READ
# -----------------------------------------------------------------------------

# Command
[s064R.bat]
start cmd /k sqlio -kR -t30 -s30 -f64 -b64 -i1024 -BN testfileR.dat
rem start cmd /k sqlio -kW -t30 -s30 -f64 -b64 -i1024 -BN testfileW.dat

# -----------------------------------------------------------------------------
# Output #1

sqlio v1.5.SG
30 threads reading for 30 secs from file testfileR.dat
        using 64KB IOs over 4096KB stripes with 1024 IOs per run
        buffering set to not use file nor disk caches (as is SQL Server)
size of file testfileR.dat needs to be: 4294705152 bytes
current file size:      2147352576 bytes
need to expand by:      2147352576 bytes
expanding testfileR.dat ... done.
initialization done
CUMULATIVE DATA:
throughput metrics:
IOs/sec:   323.66
MBs/sec:    20.22

# -----------------------------------------------------------------------------
# 64 kB WRITE
# -----------------------------------------------------------------------------

# Command
[s064W.bat]
rem start cmd /k sqlio -kR -t30 -s30 -f64 -b64 -i1024 -BN testfileR.dat
start cmd /k sqlio -kW -t30 -s30 -f64 -b64 -i1024 -BN testfileW.dat

# -----------------------------------------------------------------------------
# Output #1

sqlio v1.5.SG
30 threads writing for 30 secs to file testfileW.dat
        using 64KB IOs over 4096KB stripes with 1024 IOs per run
        buffering set to not use file nor disk caches (as is SQL Server)
size of file testfileW.dat needs to be: 4294705152 bytes
current file size:      2147352576 bytes
need to expand by:      2147352576 bytes
expanding testfileW.dat ... done.
initialization done
CUMULATIVE DATA:
throughput metrics:
IOs/sec:   151.52
MBs/sec:     9.47


# -----------------------------------------------------------------------------
# 64 kB WRITE & READ
# -----------------------------------------------------------------------------

# Command
[s064W.bat]
start cmd /k sqlio -kR -t30 -s30 -f64 -b64 -i1024 -BN testfileR.dat
start cmd /k sqlio -kW -t30 -s30 -f64 -b64 -i1024 -BN testfileW.dat

# -----------------------------------------------------------------------------
# Output #1

sqlio v1.5.SG
30 threads writing for 30 secs to file testfileW.dat
        using 64KB IOs over 4096KB stripes with 1024 IOs per run
        buffering set to not use file nor disk caches (as is SQL Server)
initialization done
CUMULATIVE DATA:
throughput metrics:
IOs/sec:    22.49
MBs/sec:     1.40

sqlio v1.5.SG
30 threads reading for 30 secs from file testfileR.dat
        using 64KB IOs over 4096KB stripes with 1024 IOs per run
        buffering set to not use file nor disk caches (as is SQL Server)
initialization done
CUMULATIVE DATA:
throughput metrics:
IOs/sec:   609.91
MBs/sec:    38.11


# -----------------------------------------------------------------------------
# 128 kB READ
# -----------------------------------------------------------------------------

# Command
[s128R.bat]
start cmd /k sqlio -kR -t30 -s30 -f64 -b128 -i1024 -BN testfileR.dat
rem start cmd /k sqlio -kW -t30 -s30 -f64 -b128 -i1024 -BN testfileW.dat

# -----------------------------------------------------------------------------
# Output #1

sqlio v1.5.SG
30 threads reading for 30 secs from file testfileR.dat
        using 128KB IOs over 8192KB stripes with 1024 IOs per run
        buffering set to not use file nor disk caches (as is SQL Server)
size of file testfileR.dat needs to be: 8589410304 bytes
current file size:      0 bytes
need to expand by:      8589410304 bytes
expanding testfileR.dat ... done.
initialization done
CUMULATIVE DATA:
throughput metrics:
IOs/sec:   106.28
MBs/sec:    13.28


# -----------------------------------------------------------------------------
# 128 kB WRITE
# -----------------------------------------------------------------------------

# Command
[s128W.bat]
rem start cmd /k sqlio -kR -t30 -s30 -f64 -b128 -i1024 -BN testfileR.dat
start cmd /k sqlio -kW -t30 -s30 -f64 -b128 -i1024 -BN testfileW.dat

# -----------------------------------------------------------------------------
# Output #1

sqlio v1.5.SG
30 threads writing for 30 secs to file testfileW.dat
        using 128KB IOs over 8192KB stripes with 1024 IOs per run
        buffering set to not use file nor disk caches (as is SQL Server)
size of file testfileW.dat needs to be: 8589410304 bytes
current file size:      0 bytes
need to expand by:      8589410304 bytes
expanding testfileW.dat ... done.
initialization done
CUMULATIVE DATA:
throughput metrics:
IOs/sec:    97.50
MBs/sec:    12.18


# -----------------------------------------------------------------------------
# 128 kB WRITE & READ
# -----------------------------------------------------------------------------

# Command
[s128WR.bat]
start cmd /k sqlio -kR -t30 -s30 -f64 -b128 -i1024 -BN testfileR.dat
start cmd /k sqlio -kW -t30 -s30 -f64 -b128 -i1024 -BN testfileW.dat

# -----------------------------------------------------------------------------
# Output #1

sqlio v1.5.SG
30 threads writing for 30 secs to file testfileW.dat
        using 128KB IOs over 8192KB stripes with 1024 IOs per run
        buffering set to not use file nor disk caches (as is SQL Server)
initialization done
CUMULATIVE DATA:
throughput metrics:
IOs/sec:    75.41
MBs/sec:     9.42

sqlio v1.5.SG
30 threads reading for 30 secs from file testfileR.dat
        using 128KB IOs over 8192KB stripes with 1024 IOs per run
        buffering set to not use file nor disk caches (as is SQL Server)
initialization done
CUMULATIVE DATA:
throughput metrics:
IOs/sec:    76.06
MBs/sec:     9.50

